2014-10-13 12:29:09,160 INFO: microblog startup [in /home/ioliveira/estande/app/__init__.py:36]
2014-10-13 12:29:09,605 INFO: microblog startup [in /home/ioliveira/estande/app/__init__.py:36]
2014-10-13 12:31:37,630 INFO: microblog startup [in /home/ioliveira/estande/app/__init__.py:36]
2014-10-13 12:34:24,582 INFO: microblog startup [in /home/ioliveira/estande/app/__init__.py:36]
2014-10-13 12:34:24,926 INFO: microblog startup [in /home/ioliveira/estande/app/__init__.py:36]
2014-10-13 12:35:07,720 INFO: microblog startup [in /home/ioliveira/estande/app/__init__.py:36]
2014-10-13 12:35:37,438 INFO: microblog startup [in /home/ioliveira/estande/app/__init__.py:36]
2014-10-13 12:36:27,398 INFO: microblog startup [in /home/ioliveira/estande/app/__init__.py:36]
2014-10-13 12:37:01,259 INFO: microblog startup [in /home/ioliveira/estande/app/__init__.py:36]
2014-10-13 12:37:40,192 INFO: microblog startup [in /home/ioliveira/estande/app/__init__.py:36]
2014-10-13 12:37:50,761 INFO: microblog startup [in /home/ioliveira/estande/app/__init__.py:36]
2014-10-13 12:41:08,373 INFO: microblog startup [in /home/ioliveira/estande/app/__init__.py:36]
2014-10-13 12:41:28,225 INFO: microblog startup [in /home/ioliveira/estande/app/__init__.py:36]
2014-10-13 12:42:08,110 INFO: microblog startup [in /home/ioliveira/estande/app/__init__.py:36]
2014-10-13 12:43:54,619 INFO: microblog startup [in /home/ioliveira/estande/app/__init__.py:36]
2014-10-13 12:44:32,541 INFO: microblog startup [in /home/ioliveira/estande/app/__init__.py:36]
2014-10-13 12:44:40,658 INFO: microblog startup [in /home/ioliveira/estande/app/__init__.py:36]
2014-10-13 12:44:41,069 INFO: microblog startup [in /home/ioliveira/estande/app/__init__.py:36]
2014-10-13 12:45:06,818 INFO: microblog startup [in /home/ioliveira/estande/app/__init__.py:36]
2014-10-13 12:46:41,362 INFO: microblog startup [in /home/ioliveira/estande/app/__init__.py:36]
2014-10-13 12:47:24,266 INFO: microblog startup [in /home/ioliveira/estande/app/__init__.py:36]
2014-10-13 12:47:46,781 INFO: microblog startup [in /home/ioliveira/estande/app/__init__.py:36]
2014-10-13 12:47:47,125 INFO: microblog startup [in /home/ioliveira/estande/app/__init__.py:36]
2014-10-13 12:48:11,851 INFO: microblog startup [in /home/ioliveira/estande/app/__init__.py:36]
2014-10-13 12:48:47,569 INFO: microblog startup [in /home/ioliveira/estande/app/__init__.py:36]
2014-10-13 12:50:03,628 INFO: microblog startup [in /home/ioliveira/estande/app/__init__.py:36]
2014-10-13 12:50:45,758 INFO: microblog startup [in /home/ioliveira/estande/app/__init__.py:36]
2014-10-13 12:50:46,179 INFO: microblog startup [in /home/ioliveira/estande/app/__init__.py:36]
2014-10-13 12:52:19,772 INFO: microblog startup [in /home/ioliveira/estande/app/__init__.py:36]
2014-10-13 12:52:47,864 INFO: microblog startup [in /home/ioliveira/estande/app/__init__.py:36]
2014-10-13 12:52:48,283 INFO: microblog startup [in /home/ioliveira/estande/app/__init__.py:36]
2014-10-13 12:53:19,251 INFO: microblog startup [in /home/ioliveira/estande/app/__init__.py:36]
2014-10-13 12:53:36,817 INFO: microblog startup [in /home/ioliveira/estande/app/__init__.py:36]
2014-10-13 12:53:37,234 INFO: microblog startup [in /home/ioliveira/estande/app/__init__.py:36]
2014-10-13 12:54:16,111 INFO: microblog startup [in /home/ioliveira/estande/app/__init__.py:36]
2014-10-13 12:55:11,171 INFO: microblog startup [in /home/ioliveira/estande/app/__init__.py:36]
2014-10-13 12:55:44,957 INFO: microblog startup [in /home/ioliveira/estande/app/__init__.py:36]
2014-10-13 12:57:59,836 INFO: microblog startup [in /home/ioliveira/estande/app/__init__.py:36]
2014-10-13 13:08:39,887 INFO: microblog startup [in /home/ioliveira/estande/app/__init__.py:36]
2014-10-13 13:25:19,286 INFO: microblog startup [in /home/ioliveira/estande/app/__init__.py:36]
2014-10-13 13:27:42,329 INFO: microblog startup [in /home/ioliveira/estande/app/__init__.py:36]
2014-10-13 13:27:57,072 INFO: microblog startup [in /home/ioliveira/estande/app/__init__.py:36]
2014-10-13 13:28:39,989 INFO: microblog startup [in /home/ioliveira/estande/app/__init__.py:36]
2014-10-13 13:29:04,786 INFO: microblog startup [in /home/ioliveira/estande/app/__init__.py:36]
2014-10-13 13:29:37,586 INFO: microblog startup [in /home/ioliveira/estande/app/__init__.py:36]
2014-10-13 13:30:30,610 INFO: microblog startup [in /home/ioliveira/estande/app/__init__.py:36]
2014-10-13 13:31:27,695 INFO: microblog startup [in /home/ioliveira/estande/app/__init__.py:36]
2014-10-13 13:31:49,520 INFO: microblog startup [in /home/ioliveira/estande/app/__init__.py:36]
2014-10-13 13:35:19,135 INFO: microblog startup [in /home/ioliveira/estande/app/__init__.py:36]
2014-10-13 13:36:36,543 INFO: microblog startup [in /home/ioliveira/estande/app/__init__.py:36]
2014-10-13 13:37:43,748 INFO: microblog startup [in /home/ioliveira/estande/app/__init__.py:36]
2014-10-13 13:38:57,006 INFO: microblog startup [in /home/ioliveira/estande/app/__init__.py:36]
2014-10-13 13:39:00,879 INFO: microblog startup [in /home/ioliveira/estande/app/__init__.py:36]
2014-10-13 13:39:11,739 INFO: microblog startup [in /home/ioliveira/estande/app/__init__.py:36]
2014-10-13 13:39:19,432 INFO: microblog startup [in /home/ioliveira/estande/app/__init__.py:36]
2014-10-13 13:39:19,841 INFO: microblog startup [in /home/ioliveira/estande/app/__init__.py:36]
2014-10-13 13:39:52,732 INFO: microblog startup [in /home/ioliveira/estande/app/__init__.py:36]
2014-10-13 13:40:38,713 INFO: microblog startup [in /home/ioliveira/estande/app/__init__.py:36]
2014-10-13 13:40:50,323 INFO: microblog startup [in /home/ioliveira/estande/app/__init__.py:36]
2014-10-13 13:40:55,870 INFO: microblog startup [in /home/ioliveira/estande/app/__init__.py:36]
2014-10-13 13:41:51,898 INFO: microblog startup [in /home/ioliveira/estande/app/__init__.py:36]
2014-10-13 13:44:44,383 INFO: microblog startup [in /home/ioliveira/estande/app/__init__.py:36]
2014-10-13 13:45:36,443 INFO: microblog startup [in /home/ioliveira/estande/app/__init__.py:36]
2014-10-13 13:46:18,466 INFO: microblog startup [in /home/ioliveira/estande/app/__init__.py:36]
2014-10-13 13:54:18,035 INFO: microblog startup [in /home/ioliveira/estande/app/__init__.py:36]
2014-10-13 13:54:37,859 INFO: microblog startup [in /home/ioliveira/estande/app/__init__.py:36]
2014-10-13 13:55:49,125 INFO: microblog startup [in /home/ioliveira/estande/app/__init__.py:36]
2014-10-13 13:57:20,269 INFO: microblog startup [in /home/ioliveira/estande/app/__init__.py:36]
2014-10-13 13:57:20,686 INFO: microblog startup [in /home/ioliveira/estande/app/__init__.py:36]
2014-10-13 13:57:45,473 INFO: microblog startup [in /home/ioliveira/estande/app/__init__.py:36]
2014-10-13 13:59:58,287 INFO: microblog startup [in /home/ioliveira/estande/app/__init__.py:36]
2014-10-13 14:00:45,180 INFO: microblog startup [in /home/ioliveira/estande/app/__init__.py:36]
2014-10-14 10:29:36,324 INFO: microblog startup [in /home/ioliveira/estande/app/__init__.py:36]
2014-10-14 10:29:36,963 INFO: microblog startup [in /home/ioliveira/estande/app/__init__.py:36]
2014-10-14 10:30:15,866 INFO: microblog startup [in /home/ioliveira/estande/app/__init__.py:36]
2014-10-14 10:32:32,836 INFO: microblog startup [in /home/ioliveira/estande/app/__init__.py:36]
2014-10-14 10:33:05,703 INFO: microblog startup [in /home/ioliveira/estande/app/__init__.py:36]
2014-10-14 10:37:00,619 INFO: microblog startup [in /home/ioliveira/estande/app/__init__.py:36]
2014-10-14 10:43:58,071 INFO: microblog startup [in /home/ioliveira/estande/app/__init__.py:36]
2014-10-14 10:44:36,970 INFO: microblog startup [in /home/ioliveira/estande/app/__init__.py:36]
2014-10-14 10:47:20,501 INFO: microblog startup [in /home/ioliveira/estande/app/__init__.py:36]
2014-10-14 10:49:44,453 INFO: microblog startup [in /home/ioliveira/estande/app/__init__.py:36]
2014-10-14 10:49:53,008 INFO: microblog startup [in /home/ioliveira/estande/app/__init__.py:36]
2014-10-14 10:57:22,211 INFO: microblog startup [in /home/ioliveira/estande/app/__init__.py:36]
2014-10-14 10:57:55,962 INFO: microblog startup [in /home/ioliveira/estande/app/__init__.py:36]
2014-10-14 10:59:56,681 INFO: microblog startup [in /home/ioliveira/estande/app/__init__.py:36]
2014-10-14 11:00:25,508 INFO: microblog startup [in /home/ioliveira/estande/app/__init__.py:36]
2014-10-14 11:06:32,742 INFO: microblog startup [in /home/ioliveira/estande/app/__init__.py:36]
2014-10-14 11:07:09,787 INFO: microblog startup [in /home/ioliveira/estande/app/__init__.py:36]
2014-10-14 11:13:45,233 INFO: microblog startup [in /home/ioliveira/estande/app/__init__.py:36]
2014-10-14 11:15:17,526 INFO: microblog startup [in /home/ioliveira/estande/app/__init__.py:36]
2014-10-14 11:16:15,434 INFO: microblog startup [in /home/ioliveira/estande/app/__init__.py:36]
2014-10-14 11:19:32,092 INFO: microblog startup [in /home/ioliveira/estande/app/__init__.py:36]
2014-10-14 11:20:06,293 INFO: microblog startup [in /home/ioliveira/estande/app/__init__.py:36]
2014-10-14 11:22:26,382 INFO: microblog startup [in /home/ioliveira/estande/app/__init__.py:36]
2014-10-14 11:25:11,857 INFO: microblog startup [in /home/ioliveira/estande/app/__init__.py:36]
2014-10-14 11:27:31,027 INFO: microblog startup [in /home/ioliveira/estande/app/__init__.py:36]
2014-10-14 11:28:23,775 INFO: microblog startup [in /home/ioliveira/estande/app/__init__.py:36]
2014-10-14 11:31:42,025 INFO: microblog startup [in /home/ioliveira/estande/app/__init__.py:36]
2014-10-14 11:32:59,689 INFO: microblog startup [in /home/ioliveira/estande/app/__init__.py:36]
2014-10-14 11:33:02,968 INFO: microblog startup [in /home/ioliveira/estande/app/__init__.py:36]
2014-10-14 11:33:28,342 INFO: microblog startup [in /home/ioliveira/estande/app/__init__.py:36]
2014-10-14 11:33:46,181 INFO: microblog startup [in /home/ioliveira/estande/app/__init__.py:36]
2014-10-14 11:34:36,324 INFO: microblog startup [in /home/ioliveira/estande/app/__init__.py:36]
2014-10-14 11:35:48,012 INFO: microblog startup [in /home/ioliveira/estande/app/__init__.py:36]
2014-10-14 11:37:36,258 INFO: microblog startup [in /home/ioliveira/estande/app/__init__.py:36]
2014-10-14 11:37:49,289 INFO: microblog startup [in /home/ioliveira/estande/app/__init__.py:36]
2014-10-14 11:37:56,841 INFO: microblog startup [in /home/ioliveira/estande/app/__init__.py:36]
2014-10-14 11:38:11,418 INFO: microblog startup [in /home/ioliveira/estande/app/__init__.py:36]
2014-10-14 11:38:26,025 INFO: microblog startup [in /home/ioliveira/estande/app/__init__.py:36]
2014-10-14 11:38:55,020 INFO: microblog startup [in /home/ioliveira/estande/app/__init__.py:36]
2014-10-14 11:39:09,427 INFO: microblog startup [in /home/ioliveira/estande/app/__init__.py:36]
2014-10-14 11:39:29,629 INFO: microblog startup [in /home/ioliveira/estande/app/__init__.py:36]
2014-10-14 11:40:58,929 INFO: microblog startup [in /home/ioliveira/estande/app/__init__.py:36]
2014-10-14 11:42:28,638 INFO: microblog startup [in /home/ioliveira/estande/app/__init__.py:36]
2014-10-14 11:43:40,123 INFO: microblog startup [in /home/ioliveira/estande/app/__init__.py:36]
2014-10-14 11:43:50,678 INFO: microblog startup [in /home/ioliveira/estande/app/__init__.py:36]
2014-10-14 11:46:37,758 INFO: microblog startup [in /home/ioliveira/estande/app/__init__.py:36]
2014-10-14 11:46:44,908 INFO: microblog startup [in /home/ioliveira/estande/app/__init__.py:36]
2014-10-14 11:53:14,806 INFO: microblog startup [in app/__init__.py:36]
2014-10-14 11:56:41,039 INFO: microblog startup [in /home/ioliveira/estande/app/__init__.py:36]
2014-10-14 11:57:04,791 INFO: microblog startup [in /home/ioliveira/estande/app/__init__.py:36]
2014-10-14 11:47:07,134 ERROR: Exception on /cadastro [POST] [in /home/ioliveira/estande/venv/local/lib/python2.7/site-packages/flask/app.py:1465]
Traceback (most recent call last):
  File "/home/ioliveira/estande/venv/local/lib/python2.7/site-packages/flask/app.py", line 1864, in wsgi_app
    response = self.full_dispatch_request()
  File "/home/ioliveira/estande/venv/local/lib/python2.7/site-packages/flask/app.py", line 1519, in full_dispatch_request
    rv = self.handle_user_exception(e)
  File "/home/ioliveira/estande/venv/local/lib/python2.7/site-packages/flask/app.py", line 1423, in handle_user_exception
    reraise(exc_type, exc_value, tb)
  File "/home/ioliveira/estande/venv/local/lib/python2.7/site-packages/flask/app.py", line 1517, in full_dispatch_request
    rv = self.dispatch_request()
  File "/home/ioliveira/estande/venv/local/lib/python2.7/site-packages/flask/app.py", line 1503, in dispatch_request
    return self.view_functions[rule.endpoint](**req.view_args)
  File "/home/ioliveira/estande/app/views.py", line 186, in cadastro
    db.session.commit()
  File "/home/ioliveira/estande/venv/local/lib/python2.7/site-packages/sqlalchemy/orm/scoping.py", line 150, in do
    return getattr(self.registry(), name)(*args, **kwargs)
  File "/home/ioliveira/estande/venv/local/lib/python2.7/site-packages/sqlalchemy/orm/session.py", line 776, in commit
    self.transaction.commit()
  File "/home/ioliveira/estande/venv/local/lib/python2.7/site-packages/sqlalchemy/orm/session.py", line 377, in commit
    self._prepare_impl()
  File "/home/ioliveira/estande/venv/local/lib/python2.7/site-packages/sqlalchemy/orm/session.py", line 357, in _prepare_impl
    self.session.flush()
  File "/home/ioliveira/estande/venv/local/lib/python2.7/site-packages/sqlalchemy/orm/session.py", line 1919, in flush
    self._flush(objects)
  File "/home/ioliveira/estande/venv/local/lib/python2.7/site-packages/sqlalchemy/orm/session.py", line 2037, in _flush
    transaction.rollback(_capture_exception=True)
  File "/home/ioliveira/estande/venv/local/lib/python2.7/site-packages/sqlalchemy/util/langhelpers.py", line 60, in __exit__
    compat.reraise(exc_type, exc_value, exc_tb)
  File "/home/ioliveira/estande/venv/local/lib/python2.7/site-packages/sqlalchemy/orm/session.py", line 2001, in _flush
    flush_context.execute()
  File "/home/ioliveira/estande/venv/local/lib/python2.7/site-packages/sqlalchemy/orm/unitofwork.py", line 372, in execute
    rec.execute(self)
  File "/home/ioliveira/estande/venv/local/lib/python2.7/site-packages/sqlalchemy/orm/unitofwork.py", line 526, in execute
    uow
  File "/home/ioliveira/estande/venv/local/lib/python2.7/site-packages/sqlalchemy/orm/persistence.py", line 65, in save_obj
    mapper, table, insert)
  File "/home/ioliveira/estande/venv/local/lib/python2.7/site-packages/sqlalchemy/orm/persistence.py", line 602, in _emit_insert_statements
    execute(statement, params)
  File "/home/ioliveira/estande/venv/local/lib/python2.7/site-packages/sqlalchemy/engine/base.py", line 729, in execute
    return meth(self, multiparams, params)
  File "/home/ioliveira/estande/venv/local/lib/python2.7/site-packages/sqlalchemy/sql/elements.py", line 321, in _execute_on_connection
    return connection._execute_clauseelement(self, multiparams, params)
  File "/home/ioliveira/estande/venv/local/lib/python2.7/site-packages/sqlalchemy/engine/base.py", line 826, in _execute_clauseelement
    compiled_sql, distilled_params
  File "/home/ioliveira/estande/venv/local/lib/python2.7/site-packages/sqlalchemy/engine/base.py", line 958, in _execute_context
    context)
  File "/home/ioliveira/estande/venv/local/lib/python2.7/site-packages/sqlalchemy/engine/base.py", line 1160, in _handle_dbapi_exception
    exc_info
  File "/home/ioliveira/estande/venv/local/lib/python2.7/site-packages/sqlalchemy/util/compat.py", line 199, in raise_from_cause
    reraise(type(exception), exception, tb=exc_tb)
  File "/home/ioliveira/estande/venv/local/lib/python2.7/site-packages/sqlalchemy/engine/base.py", line 951, in _execute_context
    context)
  File "/home/ioliveira/estande/venv/local/lib/python2.7/site-packages/sqlalchemy/engine/default.py", line 436, in do_execute
    cursor.execute(statement, parameters)
IntegrityError: (IntegrityError) column categoria is not unique u'INSERT INTO book (titulo, autor, editora, categoria, status, quantidade, descricao) VALUES (?, ?, ?, ?, ?, ?, ?)' (u'cfvgbh', u'bhjnuijn', u'ijn', u'inj', u'y', u'2', u'dewretgf')
2014-10-14 11:58:01,088 INFO: microblog startup [in app/__init__.py:36]
2014-10-14 12:02:36,945 INFO: microblog startup [in /home/ioliveira/estande/app/__init__.py:36]
2014-10-14 12:03:08,090 INFO: microblog startup [in /home/ioliveira/estande/app/__init__.py:36]
2014-10-14 12:03:25,593 INFO: microblog startup [in /home/ioliveira/estande/app/__init__.py:36]
2014-10-14 12:04:43,527 INFO: microblog startup [in /home/ioliveira/estande/app/__init__.py:36]
2014-10-14 12:05:38,492 INFO: microblog startup [in /home/ioliveira/estande/app/__init__.py:36]
2014-10-14 12:06:35,916 INFO: microblog startup [in /home/ioliveira/estande/app/__init__.py:36]
2014-10-14 12:07:33,134 INFO: microblog startup [in /home/ioliveira/estande/app/__init__.py:36]
2014-10-14 12:08:10,248 INFO: microblog startup [in /home/ioliveira/estande/app/__init__.py:36]
2014-10-14 12:10:09,260 INFO: microblog startup [in /home/ioliveira/estande/app/__init__.py:36]
2014-10-14 12:12:10,610 INFO: microblog startup [in /home/ioliveira/estande/app/__init__.py:36]
2014-10-14 12:12:26,187 ERROR: Exception on /cadastro [POST] [in /home/ioliveira/estande/venv/local/lib/python2.7/site-packages/flask/app.py:1465]
Traceback (most recent call last):
  File "/home/ioliveira/estande/venv/local/lib/python2.7/site-packages/flask/app.py", line 1864, in wsgi_app
    response = self.full_dispatch_request()
  File "/home/ioliveira/estande/venv/local/lib/python2.7/site-packages/flask/app.py", line 1519, in full_dispatch_request
    rv = self.handle_user_exception(e)
  File "/home/ioliveira/estande/venv/local/lib/python2.7/site-packages/flask/app.py", line 1423, in handle_user_exception
    reraise(exc_type, exc_value, tb)
  File "/home/ioliveira/estande/venv/local/lib/python2.7/site-packages/flask/app.py", line 1517, in full_dispatch_request
    rv = self.dispatch_request()
  File "/home/ioliveira/estande/venv/local/lib/python2.7/site-packages/flask/app.py", line 1503, in dispatch_request
    return self.view_functions[rule.endpoint](**req.view_args)
  File "/home/ioliveira/estande/app/views.py", line 28, in cadastro
    return render_template('cadastro.html', form=form)
  File "/home/ioliveira/estande/venv/local/lib/python2.7/site-packages/flask/templating.py", line 123, in render_template
    context, ctx.app)
  File "/home/ioliveira/estande/venv/local/lib/python2.7/site-packages/flask/templating.py", line 105, in _render
    rv = template.render(context)
  File "/home/ioliveira/estande/venv/local/lib/python2.7/site-packages/jinja2/environment.py", line 969, in render
    return self.environment.handle_exception(exc_info, True)
  File "/home/ioliveira/estande/venv/local/lib/python2.7/site-packages/jinja2/environment.py", line 742, in handle_exception
    reraise(exc_type, exc_value, tb)
  File "/home/ioliveira/estande/app/templates/cadastro.html", line 2, in top-level template code
    {% extends "base.html" %}
  File "/home/ioliveira/estande/app/templates/base.html", line 30, in top-level template code
    {% block content %}{% endblock %}
  File "/home/ioliveira/estande/app/templates/cadastro.html", line 7, in block "content"
    {{form.hidden_tag()}}
UndefinedError: 'str object' has no attribute 'hidden_tag'
2014-10-14 12:22:41,916 INFO: microblog startup [in /home/ioliveira/estande/app/__init__.py:36]
2014-10-14 12:25:09,528 INFO: microblog startup [in /home/ioliveira/estande/app/__init__.py:36]
2014-10-14 12:36:59,440 INFO: microblog startup [in /home/ioliveira/estande/app/__init__.py:36]
2014-10-14 12:37:35,356 INFO: microblog startup [in /home/ioliveira/estande/app/__init__.py:36]
2014-10-14 12:37:37,258 INFO: microblog startup [in /home/ioliveira/estande/app/__init__.py:36]
2014-10-14 12:38:06,859 INFO: microblog startup [in /home/ioliveira/estande/app/__init__.py:36]
2014-10-14 12:39:52,218 INFO: microblog startup [in /home/ioliveira/estande/app/__init__.py:36]
2014-10-14 12:40:33,377 INFO: microblog startup [in /home/ioliveira/estande/app/__init__.py:36]
2014-10-14 12:43:20,182 INFO: microblog startup [in /home/ioliveira/estande/app/__init__.py:36]
2014-10-14 12:44:24,197 INFO: microblog startup [in /home/ioliveira/estande/app/__init__.py:36]
2014-10-14 13:01:32,045 INFO: microblog startup [in /home/ioliveira/estande/app/__init__.py:36]
2014-10-14 13:02:56,901 INFO: microblog startup [in /home/ioliveira/estande/app/__init__.py:36]
2014-10-14 13:03:17,887 INFO: microblog startup [in /home/ioliveira/estande/app/__init__.py:36]
2014-10-14 13:03:35,161 INFO: microblog startup [in /home/ioliveira/estande/app/__init__.py:36]
2014-10-14 13:03:55,872 INFO: microblog startup [in /home/ioliveira/estande/app/__init__.py:36]
2014-10-14 13:05:54,918 INFO: microblog startup [in /home/ioliveira/estande/app/__init__.py:36]
2014-10-14 13:07:42,871 INFO: microblog startup [in /home/ioliveira/estande/app/__init__.py:36]
2014-10-14 13:10:25,888 INFO: microblog startup [in /home/ioliveira/estande/app/__init__.py:36]
2014-10-14 13:10:52,933 INFO: microblog startup [in /home/ioliveira/estande/app/__init__.py:36]
2014-10-14 13:11:55,070 INFO: microblog startup [in /home/ioliveira/estande/app/__init__.py:36]
2014-10-14 13:12:29,517 INFO: microblog startup [in /home/ioliveira/estande/app/__init__.py:36]
2014-10-14 13:27:22,188 INFO: microblog startup [in /home/ioliveira/estande/app/__init__.py:36]
2014-10-14 13:27:38,430 INFO: microblog startup [in /home/ioliveira/estande/app/__init__.py:36]
2014-10-14 13:36:36,180 INFO: microblog startup [in /home/ioliveira/estande/app/__init__.py:36]
2014-10-14 13:37:08,518 INFO: microblog startup [in /home/ioliveira/estande/app/__init__.py:36]
2014-10-14 13:38:32,145 INFO: microblog startup [in /home/ioliveira/estande/app/__init__.py:36]
2014-10-14 13:48:48,664 INFO: microblog startup [in /home/ioliveira/estande/app/__init__.py:36]
2014-10-14 13:49:26,565 INFO: microblog startup [in /home/ioliveira/estande/app/__init__.py:36]
